<?xml version="1.0" encoding="UTF-8"?>
<testsuite xmlns:xsi="http://www.w3.org/2001/XMLSchema-instance" xsi:noNamespaceSchemaLocation="https://maven.apache.org/surefire/maven-surefire-plugin/xsd/surefire-test-report.xsd" name="com.imooc.AppTest" time="0.066" tests="1" errors="0" skipped="0" failures="0">
  <properties>
    <property name="sun.desktop" value="windows"/>
    <property name="awt.toolkit" value="sun.awt.windows.WToolkit"/>
    <property name="file.encoding.pkg" value="sun.io"/>
    <property name="java.specification.version" value="1.8"/>
    <property name="sun.cpu.isalist" value="amd64"/>
    <property name="sun.jnu.encoding" value="GBK"/>
    <property name="java.class.path" value="D:\studyfile\springcloud_pratice\springcloud_orgin\user\server\target\test-classes;D:\studyfile\springcloud_pratice\springcloud_orgin\user\server\target\classes;E:\yilifangshopping\springboot_repository\org\springframework\boot\spring-boot-starter-data-jpa\2.1.2.RELEASE\spring-boot-starter-data-jpa-2.1.2.RELEASE.jar;E:\yilifangshopping\springboot_repository\org\springframework\boot\spring-boot-starter-aop\2.1.2.RELEASE\spring-boot-starter-aop-2.1.2.RELEASE.jar;E:\yilifangshopping\springboot_repository\org\springframework\spring-aop\5.1.4.RELEASE\spring-aop-5.1.4.RELEASE.jar;E:\yilifangshopping\springboot_repository\org\aspectj\aspectjweaver\1.9.2\aspectjweaver-1.9.2.jar;E:\yilifangshopping\springboot_repository\org\springframework\boot\spring-boot-starter-jdbc\2.1.2.RELEASE\spring-boot-starter-jdbc-2.1.2.RELEASE.jar;E:\yilifangshopping\springboot_repository\com\zaxxer\HikariCP\3.2.0\HikariCP-3.2.0.jar;E:\yilifangshopping\springboot_repository\org\springframework\spring-jdbc\5.1.4.RELEASE\spring-jdbc-5.1.4.RELEASE.jar;E:\yilifangshopping\springboot_repository\javax\transaction\javax.transaction-api\1.3\javax.transaction-api-1.3.jar;E:\yilifangshopping\springboot_repository\javax\xml\bind\jaxb-api\2.3.1\jaxb-api-2.3.1.jar;E:\yilifangshopping\springboot_repository\javax\activation\javax.activation-api\1.2.0\javax.activation-api-1.2.0.jar;E:\yilifangshopping\springboot_repository\org\hibernate\hibernate-core\5.3.7.Final\hibernate-core-5.3.7.Final.jar;E:\yilifangshopping\springboot_repository\org\jboss\logging\jboss-logging\3.3.2.Final\jboss-logging-3.3.2.Final.jar;E:\yilifangshopping\springboot_repository\javax\persistence\javax.persistence-api\2.2\javax.persistence-api-2.2.jar;E:\yilifangshopping\springboot_repository\org\javassist\javassist\3.23.1-GA\javassist-3.23.1-GA.jar;E:\yilifangshopping\springboot_repository\net\bytebuddy\byte-buddy\1.9.7\byte-buddy-1.9.7.jar;E:\yilifangshopping\springboot_repository\antlr\antlr\2.7.7\antlr-2.7.7.jar;E:\yilifangshopping\springboot_repository\org\jboss\jandex\2.0.5.Final\jandex-2.0.5.Final.jar;E:\yilifangshopping\springboot_repository\com\fasterxml\classmate\1.4.0\classmate-1.4.0.jar;E:\yilifangshopping\springboot_repository\org\dom4j\dom4j\2.1.1\dom4j-2.1.1.jar;E:\yilifangshopping\springboot_repository\org\hibernate\common\hibernate-commons-annotations\5.0.4.Final\hibernate-commons-annotations-5.0.4.Final.jar;E:\yilifangshopping\springboot_repository\org\springframework\data\spring-data-jpa\2.1.4.RELEASE\spring-data-jpa-2.1.4.RELEASE.jar;E:\yilifangshopping\springboot_repository\org\springframework\data\spring-data-commons\2.1.4.RELEASE\spring-data-commons-2.1.4.RELEASE.jar;E:\yilifangshopping\springboot_repository\org\springframework\spring-orm\5.1.4.RELEASE\spring-orm-5.1.4.RELEASE.jar;E:\yilifangshopping\springboot_repository\org\springframework\spring-context\5.1.4.RELEASE\spring-context-5.1.4.RELEASE.jar;E:\yilifangshopping\springboot_repository\org\springframework\spring-tx\5.1.4.RELEASE\spring-tx-5.1.4.RELEASE.jar;E:\yilifangshopping\springboot_repository\org\springframework\spring-beans\5.1.4.RELEASE\spring-beans-5.1.4.RELEASE.jar;E:\yilifangshopping\springboot_repository\org\slf4j\slf4j-api\1.7.25\slf4j-api-1.7.25.jar;E:\yilifangshopping\springboot_repository\org\springframework\spring-aspects\5.1.4.RELEASE\spring-aspects-5.1.4.RELEASE.jar;E:\yilifangshopping\springboot_repository\org\springframework\boot\spring-boot-starter-data-redis\2.1.2.RELEASE\spring-boot-starter-data-redis-2.1.2.RELEASE.jar;E:\yilifangshopping\springboot_repository\org\springframework\boot\spring-boot-starter\2.1.2.RELEASE\spring-boot-starter-2.1.2.RELEASE.jar;E:\yilifangshopping\springboot_repository\org\springframework\boot\spring-boot\2.1.2.RELEASE\spring-boot-2.1.2.RELEASE.jar;E:\yilifangshopping\springboot_repository\org\springframework\boot\spring-boot-autoconfigure\2.1.2.RELEASE\spring-boot-autoconfigure-2.1.2.RELEASE.jar;E:\yilifangshopping\springboot_repository\org\springframework\boot\spring-boot-starter-logging\2.1.2.RELEASE\spring-boot-starter-logging-2.1.2.RELEASE.jar;E:\yilifangshopping\springboot_repository\ch\qos\logback\logback-classic\1.2.3\logback-classic-1.2.3.jar;E:\yilifangshopping\springboot_repository\ch\qos\logback\logback-core\1.2.3\logback-core-1.2.3.jar;E:\yilifangshopping\springboot_repository\org\apache\logging\log4j\log4j-to-slf4j\2.11.1\log4j-to-slf4j-2.11.1.jar;E:\yilifangshopping\springboot_repository\org\apache\logging\log4j\log4j-api\2.11.1\log4j-api-2.11.1.jar;E:\yilifangshopping\springboot_repository\org\slf4j\jul-to-slf4j\1.7.25\jul-to-slf4j-1.7.25.jar;E:\yilifangshopping\springboot_repository\javax\annotation\javax.annotation-api\1.3.2\javax.annotation-api-1.3.2.jar;E:\yilifangshopping\springboot_repository\org\yaml\snakeyaml\1.23\snakeyaml-1.23.jar;E:\yilifangshopping\springboot_repository\org\springframework\data\spring-data-redis\2.1.4.RELEASE\spring-data-redis-2.1.4.RELEASE.jar;E:\yilifangshopping\springboot_repository\org\springframework\data\spring-data-keyvalue\2.1.4.RELEASE\spring-data-keyvalue-2.1.4.RELEASE.jar;E:\yilifangshopping\springboot_repository\org\springframework\spring-oxm\5.1.4.RELEASE\spring-oxm-5.1.4.RELEASE.jar;E:\yilifangshopping\springboot_repository\org\springframework\spring-context-support\5.1.4.RELEASE\spring-context-support-5.1.4.RELEASE.jar;E:\yilifangshopping\springboot_repository\io\lettuce\lettuce-core\5.1.3.RELEASE\lettuce-core-5.1.3.RELEASE.jar;E:\yilifangshopping\springboot_repository\io\projectreactor\reactor-core\3.2.5.RELEASE\reactor-core-3.2.5.RELEASE.jar;E:\yilifangshopping\springboot_repository\org\reactivestreams\reactive-streams\1.0.2\reactive-streams-1.0.2.jar;E:\yilifangshopping\springboot_repository\io\netty\netty-common\4.1.31.Final\netty-common-4.1.31.Final.jar;E:\yilifangshopping\springboot_repository\io\netty\netty-transport\4.1.31.Final\netty-transport-4.1.31.Final.jar;E:\yilifangshopping\springboot_repository\io\netty\netty-buffer\4.1.31.Final\netty-buffer-4.1.31.Final.jar;E:\yilifangshopping\springboot_repository\io\netty\netty-resolver\4.1.31.Final\netty-resolver-4.1.31.Final.jar;E:\yilifangshopping\springboot_repository\io\netty\netty-handler\4.1.31.Final\netty-handler-4.1.31.Final.jar;E:\yilifangshopping\springboot_repository\io\netty\netty-codec\4.1.31.Final\netty-codec-4.1.31.Final.jar;E:\yilifangshopping\springboot_repository\org\springframework\cloud\spring-cloud-starter-config\2.1.0.RC3\spring-cloud-starter-config-2.1.0.RC3.jar;E:\yilifangshopping\springboot_repository\org\springframework\cloud\spring-cloud-starter\2.1.0.RC2\spring-cloud-starter-2.1.0.RC2.jar;E:\yilifangshopping\springboot_repository\org\springframework\cloud\spring-cloud-context\2.1.0.RC2\spring-cloud-context-2.1.0.RC2.jar;E:\yilifangshopping\springboot_repository\org\springframework\security\spring-security-crypto\5.1.3.RELEASE\spring-security-crypto-5.1.3.RELEASE.jar;E:\yilifangshopping\springboot_repository\org\springframework\cloud\spring-cloud-commons\2.1.0.RC2\spring-cloud-commons-2.1.0.RC2.jar;E:\yilifangshopping\springboot_repository\org\springframework\security\spring-security-rsa\1.0.7.RELEASE\spring-security-rsa-1.0.7.RELEASE.jar;E:\yilifangshopping\springboot_repository\org\bouncycastle\bcpkix-jdk15on\1.60\bcpkix-jdk15on-1.60.jar;E:\yilifangshopping\springboot_repository\org\bouncycastle\bcprov-jdk15on\1.60\bcprov-jdk15on-1.60.jar;E:\yilifangshopping\springboot_repository\org\springframework\cloud\spring-cloud-config-client\2.1.0.RC3\spring-cloud-config-client-2.1.0.RC3.jar;E:\yilifangshopping\springboot_repository\com\fasterxml\jackson\core\jackson-annotations\2.9.0\jackson-annotations-2.9.0.jar;E:\yilifangshopping\springboot_repository\com\fasterxml\jackson\core\jackson-databind\2.9.8\jackson-databind-2.9.8.jar;E:\yilifangshopping\springboot_repository\com\fasterxml\jackson\core\jackson-core\2.9.8\jackson-core-2.9.8.jar;E:\yilifangshopping\springboot_repository\org\springframework\cloud\spring-cloud-starter-netflix-eureka-client\2.1.0.RC3\spring-cloud-starter-netflix-eureka-client-2.1.0.RC3.jar;E:\yilifangshopping\springboot_repository\org\springframework\cloud\spring-cloud-netflix-hystrix\2.1.0.RC3\spring-cloud-netflix-hystrix-2.1.0.RC3.jar;E:\yilifangshopping\springboot_repository\org\springframework\cloud\spring-cloud-netflix-eureka-client\2.1.0.RC3\spring-cloud-netflix-eureka-client-2.1.0.RC3.jar;E:\yilifangshopping\springboot_repository\com\netflix\eureka\eureka-client\1.9.8\eureka-client-1.9.8.jar;E:\yilifangshopping\springboot_repository\org\codehaus\jettison\jettison\1.3.7\jettison-1.3.7.jar;E:\yilifangshopping\springboot_repository\stax\stax-api\1.0.1\stax-api-1.0.1.jar;E:\yilifangshopping\springboot_repository\com\netflix\netflix-commons\netflix-eventbus\0.3.0\netflix-eventbus-0.3.0.jar;E:\yilifangshopping\springboot_repository\com\netflix\netflix-commons\netflix-infix\0.3.0\netflix-infix-0.3.0.jar;E:\yilifangshopping\springboot_repository\commons-jxpath\commons-jxpath\1.3\commons-jxpath-1.3.jar;E:\yilifangshopping\springboot_repository\joda-time\joda-time\2.10.1\joda-time-2.10.1.jar;E:\yilifangshopping\springboot_repository\org\antlr\antlr-runtime\3.4\antlr-runtime-3.4.jar;E:\yilifangshopping\springboot_repository\org\antlr\stringtemplate\3.2.1\stringtemplate-3.2.1.jar;E:\yilifangshopping\springboot_repository\org\apache\commons\commons-math\2.2\commons-math-2.2.jar;E:\yilifangshopping\springboot_repository\com\netflix\archaius\archaius-core\0.7.6\archaius-core-0.7.6.jar;E:\yilifangshopping\springboot_repository\com\google\guava\guava\16.0\guava-16.0.jar;E:\yilifangshopping\springboot_repository\javax\ws\rs\jsr311-api\1.1.1\jsr311-api-1.1.1.jar;E:\yilifangshopping\springboot_repository\com\netflix\servo\servo-core\0.12.21\servo-core-0.12.21.jar;E:\yilifangshopping\springboot_repository\com\sun\jersey\jersey-core\1.19.1\jersey-core-1.19.1.jar;E:\yilifangshopping\springboot_repository\com\sun\jersey\jersey-client\1.19.1\jersey-client-1.19.1.jar;E:\yilifangshopping\springboot_repository\com\sun\jersey\contribs\jersey-apache-client4\1.19.1\jersey-apache-client4-1.19.1.jar;E:\yilifangshopping\springboot_repository\org\apache\httpcomponents\httpclient\4.5.6\httpclient-4.5.6.jar;E:\yilifangshopping\springboot_repository\org\apache\httpcomponents\httpcore\4.4.10\httpcore-4.4.10.jar;E:\yilifangshopping\springboot_repository\commons-codec\commons-codec\1.11\commons-codec-1.11.jar;E:\yilifangshopping\springboot_repository\com\google\inject\guice\4.1.0\guice-4.1.0.jar;E:\yilifangshopping\springboot_repository\javax\inject\javax.inject\1\javax.inject-1.jar;E:\yilifangshopping\springboot_repository\aopalliance\aopalliance\1.0\aopalliance-1.0.jar;E:\yilifangshopping\springboot_repository\com\github\vlsi\compactmap\compactmap\1.2.1\compactmap-1.2.1.jar;E:\yilifangshopping\springboot_repository\com\github\andrewoma\dexx\dexx-collections\0.2\dexx-collections-0.2.jar;E:\yilifangshopping\springboot_repository\com\netflix\eureka\eureka-core\1.9.8\eureka-core-1.9.8.jar;E:\yilifangshopping\springboot_repository\org\codehaus\woodstox\woodstox-core-asl\4.4.1\woodstox-core-asl-4.4.1.jar;E:\yilifangshopping\springboot_repository\javax\xml\stream\stax-api\1.0-2\stax-api-1.0-2.jar;E:\yilifangshopping\springboot_repository\org\codehaus\woodstox\stax2-api\3.1.4\stax2-api-3.1.4.jar;E:\yilifangshopping\springboot_repository\org\springframework\cloud\spring-cloud-starter-netflix-archaius\2.1.0.RC3\spring-cloud-starter-netflix-archaius-2.1.0.RC3.jar;E:\yilifangshopping\springboot_repository\org\springframework\cloud\spring-cloud-netflix-ribbon\2.1.0.RC3\spring-cloud-netflix-ribbon-2.1.0.RC3.jar;E:\yilifangshopping\springboot_repository\org\springframework\cloud\spring-cloud-netflix-archaius\2.1.0.RC3\spring-cloud-netflix-archaius-2.1.0.RC3.jar;E:\yilifangshopping\springboot_repository\commons-configuration\commons-configuration\1.8\commons-configuration-1.8.jar;E:\yilifangshopping\springboot_repository\commons-lang\commons-lang\2.6\commons-lang-2.6.jar;E:\yilifangshopping\springboot_repository\org\springframework\cloud\spring-cloud-starter-netflix-ribbon\2.1.0.RC3\spring-cloud-starter-netflix-ribbon-2.1.0.RC3.jar;E:\yilifangshopping\springboot_repository\com\netflix\ribbon\ribbon\2.3.0\ribbon-2.3.0.jar;E:\yilifangshopping\springboot_repository\com\netflix\ribbon\ribbon-transport\2.3.0\ribbon-transport-2.3.0.jar;E:\yilifangshopping\springboot_repository\io\reactivex\rxnetty-contexts\0.4.9\rxnetty-contexts-0.4.9.jar;E:\yilifangshopping\springboot_repository\io\reactivex\rxnetty-servo\0.4.9\rxnetty-servo-0.4.9.jar;E:\yilifangshopping\springboot_repository\com\netflix\hystrix\hystrix-core\1.5.18\hystrix-core-1.5.18.jar;E:\yilifangshopping\springboot_repository\org\hdrhistogram\HdrHistogram\2.1.9\HdrHistogram-2.1.9.jar;E:\yilifangshopping\springboot_repository\io\reactivex\rxnetty\0.4.9\rxnetty-0.4.9.jar;E:\yilifangshopping\springboot_repository\com\netflix\ribbon\ribbon-core\2.3.0\ribbon-core-2.3.0.jar;E:\yilifangshopping\springboot_repository\com\netflix\ribbon\ribbon-httpclient\2.3.0\ribbon-httpclient-2.3.0.jar;E:\yilifangshopping\springboot_repository\commons-collections\commons-collections\3.2.2\commons-collections-3.2.2.jar;E:\yilifangshopping\springboot_repository\com\netflix\netflix-commons\netflix-commons-util\0.3.0\netflix-commons-util-0.3.0.jar;E:\yilifangshopping\springboot_repository\com\netflix\ribbon\ribbon-loadbalancer\2.3.0\ribbon-loadbalancer-2.3.0.jar;E:\yilifangshopping\springboot_repository\com\netflix\netflix-commons\netflix-statistics\0.1.1\netflix-statistics-0.1.1.jar;E:\yilifangshopping\springboot_repository\io\reactivex\rxjava\1.3.8\rxjava-1.3.8.jar;E:\yilifangshopping\springboot_repository\com\netflix\ribbon\ribbon-eureka\2.3.0\ribbon-eureka-2.3.0.jar;E:\yilifangshopping\springboot_repository\com\thoughtworks\xstream\xstream\1.4.10\xstream-1.4.10.jar;E:\yilifangshopping\springboot_repository\xmlpull\xmlpull\1.1.3.1\xmlpull-1.1.3.1.jar;E:\yilifangshopping\springboot_repository\xpp3\xpp3_min\1.1.4c\xpp3_min-1.1.4c.jar;E:\yilifangshopping\springboot_repository\org\springframework\boot\spring-boot-starter-web\2.1.2.RELEASE\spring-boot-starter-web-2.1.2.RELEASE.jar;E:\yilifangshopping\springboot_repository\org\springframework\boot\spring-boot-starter-json\2.1.2.RELEASE\spring-boot-starter-json-2.1.2.RELEASE.jar;E:\yilifangshopping\springboot_repository\com\fasterxml\jackson\datatype\jackson-datatype-jdk8\2.9.8\jackson-datatype-jdk8-2.9.8.jar;E:\yilifangshopping\springboot_repository\com\fasterxml\jackson\datatype\jackson-datatype-jsr310\2.9.8\jackson-datatype-jsr310-2.9.8.jar;E:\yilifangshopping\springboot_repository\com\fasterxml\jackson\module\jackson-module-parameter-names\2.9.8\jackson-module-parameter-names-2.9.8.jar;E:\yilifangshopping\springboot_repository\org\springframework\boot\spring-boot-starter-tomcat\2.1.2.RELEASE\spring-boot-starter-tomcat-2.1.2.RELEASE.jar;E:\yilifangshopping\springboot_repository\org\apache\tomcat\embed\tomcat-embed-core\9.0.14\tomcat-embed-core-9.0.14.jar;E:\yilifangshopping\springboot_repository\org\apache\tomcat\embed\tomcat-embed-el\9.0.14\tomcat-embed-el-9.0.14.jar;E:\yilifangshopping\springboot_repository\org\apache\tomcat\embed\tomcat-embed-websocket\9.0.14\tomcat-embed-websocket-9.0.14.jar;E:\yilifangshopping\springboot_repository\org\hibernate\validator\hibernate-validator\6.0.14.Final\hibernate-validator-6.0.14.Final.jar;E:\yilifangshopping\springboot_repository\javax\validation\validation-api\2.0.1.Final\validation-api-2.0.1.Final.jar;E:\yilifangshopping\springboot_repository\org\springframework\spring-web\5.1.4.RELEASE\spring-web-5.1.4.RELEASE.jar;E:\yilifangshopping\springboot_repository\org\springframework\spring-webmvc\5.1.4.RELEASE\spring-webmvc-5.1.4.RELEASE.jar;E:\yilifangshopping\springboot_repository\org\springframework\spring-expression\5.1.4.RELEASE\spring-expression-5.1.4.RELEASE.jar;E:\yilifangshopping\springboot_repository\mysql\mysql-connector-java\8.0.13\mysql-connector-java-8.0.13.jar;E:\yilifangshopping\springboot_repository\org\springframework\boot\spring-boot-starter-test\2.1.2.RELEASE\spring-boot-starter-test-2.1.2.RELEASE.jar;E:\yilifangshopping\springboot_repository\org\springframework\boot\spring-boot-test\2.1.2.RELEASE\spring-boot-test-2.1.2.RELEASE.jar;E:\yilifangshopping\springboot_repository\org\springframework\boot\spring-boot-test-autoconfigure\2.1.2.RELEASE\spring-boot-test-autoconfigure-2.1.2.RELEASE.jar;E:\yilifangshopping\springboot_repository\com\jayway\jsonpath\json-path\2.4.0\json-path-2.4.0.jar;E:\yilifangshopping\springboot_repository\net\minidev\json-smart\2.3\json-smart-2.3.jar;E:\yilifangshopping\springboot_repository\net\minidev\accessors-smart\1.2\accessors-smart-1.2.jar;E:\yilifangshopping\springboot_repository\org\ow2\asm\asm\5.0.4\asm-5.0.4.jar;E:\yilifangshopping\springboot_repository\junit\junit\4.12\junit-4.12.jar;E:\yilifangshopping\springboot_repository\org\assertj\assertj-core\3.11.1\assertj-core-3.11.1.jar;E:\yilifangshopping\springboot_repository\org\mockito\mockito-core\2.23.4\mockito-core-2.23.4.jar;E:\yilifangshopping\springboot_repository\net\bytebuddy\byte-buddy-agent\1.9.7\byte-buddy-agent-1.9.7.jar;E:\yilifangshopping\springboot_repository\org\objenesis\objenesis\2.6\objenesis-2.6.jar;E:\yilifangshopping\springboot_repository\org\hamcrest\hamcrest-core\1.3\hamcrest-core-1.3.jar;E:\yilifangshopping\springboot_repository\org\hamcrest\hamcrest-library\1.3\hamcrest-library-1.3.jar;E:\yilifangshopping\springboot_repository\org\skyscreamer\jsonassert\1.5.0\jsonassert-1.5.0.jar;E:\yilifangshopping\springboot_repository\com\vaadin\external\google\android-json\0.0.20131108.vaadin1\android-json-0.0.20131108.vaadin1.jar;E:\yilifangshopping\springboot_repository\org\springframework\spring-core\5.1.4.RELEASE\spring-core-5.1.4.RELEASE.jar;E:\yilifangshopping\springboot_repository\org\springframework\spring-jcl\5.1.4.RELEASE\spring-jcl-5.1.4.RELEASE.jar;E:\yilifangshopping\springboot_repository\org\springframework\spring-test\5.1.4.RELEASE\spring-test-5.1.4.RELEASE.jar;E:\yilifangshopping\springboot_repository\org\xmlunit\xmlunit-core\2.6.2\xmlunit-core-2.6.2.jar;E:\yilifangshopping\springboot_repository\org\projectlombok\lombok\1.18.4\lombok-1.18.4.jar;E:\yilifangshopping\springboot_repository\com\google\code\gson\gson\2.8.5\gson-2.8.5.jar;"/>
    <property name="java.vm.vendor" value="Oracle Corporation"/>
    <property name="sun.arch.data.model" value="64"/>
    <property name="user.variant" value=""/>
    <property name="java.vendor.url" value="http://java.oracle.com/"/>
    <property name="user.timezone" value="Asia/Shanghai"/>
    <property name="java.vm.specification.version" value="1.8"/>
    <property name="os.name" value="Windows 10"/>
    <property name="user.country" value="CN"/>
    <property name="sun.java.launcher" value="SUN_STANDARD"/>
    <property name="sun.boot.library.path" value="D:\software\jdk\jdk8\jre\bin"/>
    <property name="sun.java.command" value="C:\Users\jll.li\AppData\Local\Temp\surefire6362367556781971851\surefirebooter3010378347582115220.jar C:\Users\jll.li\AppData\Local\Temp\surefire6362367556781971851 2019-01-19T11-10-06_159-jvmRun1 surefire2233697683450431723tmp surefire_07879085297009620697tmp"/>
    <property name="surefire.test.class.path" value="D:\studyfile\springcloud_pratice\springcloud_orgin\user\server\target\test-classes;D:\studyfile\springcloud_pratice\springcloud_orgin\user\server\target\classes;E:\yilifangshopping\springboot_repository\org\springframework\boot\spring-boot-starter-data-jpa\2.1.2.RELEASE\spring-boot-starter-data-jpa-2.1.2.RELEASE.jar;E:\yilifangshopping\springboot_repository\org\springframework\boot\spring-boot-starter-aop\2.1.2.RELEASE\spring-boot-starter-aop-2.1.2.RELEASE.jar;E:\yilifangshopping\springboot_repository\org\springframework\spring-aop\5.1.4.RELEASE\spring-aop-5.1.4.RELEASE.jar;E:\yilifangshopping\springboot_repository\org\aspectj\aspectjweaver\1.9.2\aspectjweaver-1.9.2.jar;E:\yilifangshopping\springboot_repository\org\springframework\boot\spring-boot-starter-jdbc\2.1.2.RELEASE\spring-boot-starter-jdbc-2.1.2.RELEASE.jar;E:\yilifangshopping\springboot_repository\com\zaxxer\HikariCP\3.2.0\HikariCP-3.2.0.jar;E:\yilifangshopping\springboot_repository\org\springframework\spring-jdbc\5.1.4.RELEASE\spring-jdbc-5.1.4.RELEASE.jar;E:\yilifangshopping\springboot_repository\javax\transaction\javax.transaction-api\1.3\javax.transaction-api-1.3.jar;E:\yilifangshopping\springboot_repository\javax\xml\bind\jaxb-api\2.3.1\jaxb-api-2.3.1.jar;E:\yilifangshopping\springboot_repository\javax\activation\javax.activation-api\1.2.0\javax.activation-api-1.2.0.jar;E:\yilifangshopping\springboot_repository\org\hibernate\hibernate-core\5.3.7.Final\hibernate-core-5.3.7.Final.jar;E:\yilifangshopping\springboot_repository\org\jboss\logging\jboss-logging\3.3.2.Final\jboss-logging-3.3.2.Final.jar;E:\yilifangshopping\springboot_repository\javax\persistence\javax.persistence-api\2.2\javax.persistence-api-2.2.jar;E:\yilifangshopping\springboot_repository\org\javassist\javassist\3.23.1-GA\javassist-3.23.1-GA.jar;E:\yilifangshopping\springboot_repository\net\bytebuddy\byte-buddy\1.9.7\byte-buddy-1.9.7.jar;E:\yilifangshopping\springboot_repository\antlr\antlr\2.7.7\antlr-2.7.7.jar;E:\yilifangshopping\springboot_repository\org\jboss\jandex\2.0.5.Final\jandex-2.0.5.Final.jar;E:\yilifangshopping\springboot_repository\com\fasterxml\classmate\1.4.0\classmate-1.4.0.jar;E:\yilifangshopping\springboot_repository\org\dom4j\dom4j\2.1.1\dom4j-2.1.1.jar;E:\yilifangshopping\springboot_repository\org\hibernate\common\hibernate-commons-annotations\5.0.4.Final\hibernate-commons-annotations-5.0.4.Final.jar;E:\yilifangshopping\springboot_repository\org\springframework\data\spring-data-jpa\2.1.4.RELEASE\spring-data-jpa-2.1.4.RELEASE.jar;E:\yilifangshopping\springboot_repository\org\springframework\data\spring-data-commons\2.1.4.RELEASE\spring-data-commons-2.1.4.RELEASE.jar;E:\yilifangshopping\springboot_repository\org\springframework\spring-orm\5.1.4.RELEASE\spring-orm-5.1.4.RELEASE.jar;E:\yilifangshopping\springboot_repository\org\springframework\spring-context\5.1.4.RELEASE\spring-context-5.1.4.RELEASE.jar;E:\yilifangshopping\springboot_repository\org\springframework\spring-tx\5.1.4.RELEASE\spring-tx-5.1.4.RELEASE.jar;E:\yilifangshopping\springboot_repository\org\springframework\spring-beans\5.1.4.RELEASE\spring-beans-5.1.4.RELEASE.jar;E:\yilifangshopping\springboot_repository\org\slf4j\slf4j-api\1.7.25\slf4j-api-1.7.25.jar;E:\yilifangshopping\springboot_repository\org\springframework\spring-aspects\5.1.4.RELEASE\spring-aspects-5.1.4.RELEASE.jar;E:\yilifangshopping\springboot_repository\org\springframework\boot\spring-boot-starter-data-redis\2.1.2.RELEASE\spring-boot-starter-data-redis-2.1.2.RELEASE.jar;E:\yilifangshopping\springboot_repository\org\springframework\boot\spring-boot-starter\2.1.2.RELEASE\spring-boot-starter-2.1.2.RELEASE.jar;E:\yilifangshopping\springboot_repository\org\springframework\boot\spring-boot\2.1.2.RELEASE\spring-boot-2.1.2.RELEASE.jar;E:\yilifangshopping\springboot_repository\org\springframework\boot\spring-boot-autoconfigure\2.1.2.RELEASE\spring-boot-autoconfigure-2.1.2.RELEASE.jar;E:\yilifangshopping\springboot_repository\org\springframework\boot\spring-boot-starter-logging\2.1.2.RELEASE\spring-boot-starter-logging-2.1.2.RELEASE.jar;E:\yilifangshopping\springboot_repository\ch\qos\logback\logback-classic\1.2.3\logback-classic-1.2.3.jar;E:\yilifangshopping\springboot_repository\ch\qos\logback\logback-core\1.2.3\logback-core-1.2.3.jar;E:\yilifangshopping\springboot_repository\org\apache\logging\log4j\log4j-to-slf4j\2.11.1\log4j-to-slf4j-2.11.1.jar;E:\yilifangshopping\springboot_repository\org\apache\logging\log4j\log4j-api\2.11.1\log4j-api-2.11.1.jar;E:\yilifangshopping\springboot_repository\org\slf4j\jul-to-slf4j\1.7.25\jul-to-slf4j-1.7.25.jar;E:\yilifangshopping\springboot_repository\javax\annotation\javax.annotation-api\1.3.2\javax.annotation-api-1.3.2.jar;E:\yilifangshopping\springboot_repository\org\yaml\snakeyaml\1.23\snakeyaml-1.23.jar;E:\yilifangshopping\springboot_repository\org\springframework\data\spring-data-redis\2.1.4.RELEASE\spring-data-redis-2.1.4.RELEASE.jar;E:\yilifangshopping\springboot_repository\org\springframework\data\spring-data-keyvalue\2.1.4.RELEASE\spring-data-keyvalue-2.1.4.RELEASE.jar;E:\yilifangshopping\springboot_repository\org\springframework\spring-oxm\5.1.4.RELEASE\spring-oxm-5.1.4.RELEASE.jar;E:\yilifangshopping\springboot_repository\org\springframework\spring-context-support\5.1.4.RELEASE\spring-context-support-5.1.4.RELEASE.jar;E:\yilifangshopping\springboot_repository\io\lettuce\lettuce-core\5.1.3.RELEASE\lettuce-core-5.1.3.RELEASE.jar;E:\yilifangshopping\springboot_repository\io\projectreactor\reactor-core\3.2.5.RELEASE\reactor-core-3.2.5.RELEASE.jar;E:\yilifangshopping\springboot_repository\org\reactivestreams\reactive-streams\1.0.2\reactive-streams-1.0.2.jar;E:\yilifangshopping\springboot_repository\io\netty\netty-common\4.1.31.Final\netty-common-4.1.31.Final.jar;E:\yilifangshopping\springboot_repository\io\netty\netty-transport\4.1.31.Final\netty-transport-4.1.31.Final.jar;E:\yilifangshopping\springboot_repository\io\netty\netty-buffer\4.1.31.Final\netty-buffer-4.1.31.Final.jar;E:\yilifangshopping\springboot_repository\io\netty\netty-resolver\4.1.31.Final\netty-resolver-4.1.31.Final.jar;E:\yilifangshopping\springboot_repository\io\netty\netty-handler\4.1.31.Final\netty-handler-4.1.31.Final.jar;E:\yilifangshopping\springboot_repository\io\netty\netty-codec\4.1.31.Final\netty-codec-4.1.31.Final.jar;E:\yilifangshopping\springboot_repository\org\springframework\cloud\spring-cloud-starter-config\2.1.0.RC3\spring-cloud-starter-config-2.1.0.RC3.jar;E:\yilifangshopping\springboot_repository\org\springframework\cloud\spring-cloud-starter\2.1.0.RC2\spring-cloud-starter-2.1.0.RC2.jar;E:\yilifangshopping\springboot_repository\org\springframework\cloud\spring-cloud-context\2.1.0.RC2\spring-cloud-context-2.1.0.RC2.jar;E:\yilifangshopping\springboot_repository\org\springframework\security\spring-security-crypto\5.1.3.RELEASE\spring-security-crypto-5.1.3.RELEASE.jar;E:\yilifangshopping\springboot_repository\org\springframework\cloud\spring-cloud-commons\2.1.0.RC2\spring-cloud-commons-2.1.0.RC2.jar;E:\yilifangshopping\springboot_repository\org\springframework\security\spring-security-rsa\1.0.7.RELEASE\spring-security-rsa-1.0.7.RELEASE.jar;E:\yilifangshopping\springboot_repository\org\bouncycastle\bcpkix-jdk15on\1.60\bcpkix-jdk15on-1.60.jar;E:\yilifangshopping\springboot_repository\org\bouncycastle\bcprov-jdk15on\1.60\bcprov-jdk15on-1.60.jar;E:\yilifangshopping\springboot_repository\org\springframework\cloud\spring-cloud-config-client\2.1.0.RC3\spring-cloud-config-client-2.1.0.RC3.jar;E:\yilifangshopping\springboot_repository\com\fasterxml\jackson\core\jackson-annotations\2.9.0\jackson-annotations-2.9.0.jar;E:\yilifangshopping\springboot_repository\com\fasterxml\jackson\core\jackson-databind\2.9.8\jackson-databind-2.9.8.jar;E:\yilifangshopping\springboot_repository\com\fasterxml\jackson\core\jackson-core\2.9.8\jackson-core-2.9.8.jar;E:\yilifangshopping\springboot_repository\org\springframework\cloud\spring-cloud-starter-netflix-eureka-client\2.1.0.RC3\spring-cloud-starter-netflix-eureka-client-2.1.0.RC3.jar;E:\yilifangshopping\springboot_repository\org\springframework\cloud\spring-cloud-netflix-hystrix\2.1.0.RC3\spring-cloud-netflix-hystrix-2.1.0.RC3.jar;E:\yilifangshopping\springboot_repository\org\springframework\cloud\spring-cloud-netflix-eureka-client\2.1.0.RC3\spring-cloud-netflix-eureka-client-2.1.0.RC3.jar;E:\yilifangshopping\springboot_repository\com\netflix\eureka\eureka-client\1.9.8\eureka-client-1.9.8.jar;E:\yilifangshopping\springboot_repository\org\codehaus\jettison\jettison\1.3.7\jettison-1.3.7.jar;E:\yilifangshopping\springboot_repository\stax\stax-api\1.0.1\stax-api-1.0.1.jar;E:\yilifangshopping\springboot_repository\com\netflix\netflix-commons\netflix-eventbus\0.3.0\netflix-eventbus-0.3.0.jar;E:\yilifangshopping\springboot_repository\com\netflix\netflix-commons\netflix-infix\0.3.0\netflix-infix-0.3.0.jar;E:\yilifangshopping\springboot_repository\commons-jxpath\commons-jxpath\1.3\commons-jxpath-1.3.jar;E:\yilifangshopping\springboot_repository\joda-time\joda-time\2.10.1\joda-time-2.10.1.jar;E:\yilifangshopping\springboot_repository\org\antlr\antlr-runtime\3.4\antlr-runtime-3.4.jar;E:\yilifangshopping\springboot_repository\org\antlr\stringtemplate\3.2.1\stringtemplate-3.2.1.jar;E:\yilifangshopping\springboot_repository\org\apache\commons\commons-math\2.2\commons-math-2.2.jar;E:\yilifangshopping\springboot_repository\com\netflix\archaius\archaius-core\0.7.6\archaius-core-0.7.6.jar;E:\yilifangshopping\springboot_repository\com\google\guava\guava\16.0\guava-16.0.jar;E:\yilifangshopping\springboot_repository\javax\ws\rs\jsr311-api\1.1.1\jsr311-api-1.1.1.jar;E:\yilifangshopping\springboot_repository\com\netflix\servo\servo-core\0.12.21\servo-core-0.12.21.jar;E:\yilifangshopping\springboot_repository\com\sun\jersey\jersey-core\1.19.1\jersey-core-1.19.1.jar;E:\yilifangshopping\springboot_repository\com\sun\jersey\jersey-client\1.19.1\jersey-client-1.19.1.jar;E:\yilifangshopping\springboot_repository\com\sun\jersey\contribs\jersey-apache-client4\1.19.1\jersey-apache-client4-1.19.1.jar;E:\yilifangshopping\springboot_repository\org\apache\httpcomponents\httpclient\4.5.6\httpclient-4.5.6.jar;E:\yilifangshopping\springboot_repository\org\apache\httpcomponents\httpcore\4.4.10\httpcore-4.4.10.jar;E:\yilifangshopping\springboot_repository\commons-codec\commons-codec\1.11\commons-codec-1.11.jar;E:\yilifangshopping\springboot_repository\com\google\inject\guice\4.1.0\guice-4.1.0.jar;E:\yilifangshopping\springboot_repository\javax\inject\javax.inject\1\javax.inject-1.jar;E:\yilifangshopping\springboot_repository\aopalliance\aopalliance\1.0\aopalliance-1.0.jar;E:\yilifangshopping\springboot_repository\com\github\vlsi\compactmap\compactmap\1.2.1\compactmap-1.2.1.jar;E:\yilifangshopping\springboot_repository\com\github\andrewoma\dexx\dexx-collections\0.2\dexx-collections-0.2.jar;E:\yilifangshopping\springboot_repository\com\netflix\eureka\eureka-core\1.9.8\eureka-core-1.9.8.jar;E:\yilifangshopping\springboot_repository\org\codehaus\woodstox\woodstox-core-asl\4.4.1\woodstox-core-asl-4.4.1.jar;E:\yilifangshopping\springboot_repository\javax\xml\stream\stax-api\1.0-2\stax-api-1.0-2.jar;E:\yilifangshopping\springboot_repository\org\codehaus\woodstox\stax2-api\3.1.4\stax2-api-3.1.4.jar;E:\yilifangshopping\springboot_repository\org\springframework\cloud\spring-cloud-starter-netflix-archaius\2.1.0.RC3\spring-cloud-starter-netflix-archaius-2.1.0.RC3.jar;E:\yilifangshopping\springboot_repository\org\springframework\cloud\spring-cloud-netflix-ribbon\2.1.0.RC3\spring-cloud-netflix-ribbon-2.1.0.RC3.jar;E:\yilifangshopping\springboot_repository\org\springframework\cloud\spring-cloud-netflix-archaius\2.1.0.RC3\spring-cloud-netflix-archaius-2.1.0.RC3.jar;E:\yilifangshopping\springboot_repository\commons-configuration\commons-configuration\1.8\commons-configuration-1.8.jar;E:\yilifangshopping\springboot_repository\commons-lang\commons-lang\2.6\commons-lang-2.6.jar;E:\yilifangshopping\springboot_repository\org\springframework\cloud\spring-cloud-starter-netflix-ribbon\2.1.0.RC3\spring-cloud-starter-netflix-ribbon-2.1.0.RC3.jar;E:\yilifangshopping\springboot_repository\com\netflix\ribbon\ribbon\2.3.0\ribbon-2.3.0.jar;E:\yilifangshopping\springboot_repository\com\netflix\ribbon\ribbon-transport\2.3.0\ribbon-transport-2.3.0.jar;E:\yilifangshopping\springboot_repository\io\reactivex\rxnetty-contexts\0.4.9\rxnetty-contexts-0.4.9.jar;E:\yilifangshopping\springboot_repository\io\reactivex\rxnetty-servo\0.4.9\rxnetty-servo-0.4.9.jar;E:\yilifangshopping\springboot_repository\com\netflix\hystrix\hystrix-core\1.5.18\hystrix-core-1.5.18.jar;E:\yilifangshopping\springboot_repository\org\hdrhistogram\HdrHistogram\2.1.9\HdrHistogram-2.1.9.jar;E:\yilifangshopping\springboot_repository\io\reactivex\rxnetty\0.4.9\rxnetty-0.4.9.jar;E:\yilifangshopping\springboot_repository\com\netflix\ribbon\ribbon-core\2.3.0\ribbon-core-2.3.0.jar;E:\yilifangshopping\springboot_repository\com\netflix\ribbon\ribbon-httpclient\2.3.0\ribbon-httpclient-2.3.0.jar;E:\yilifangshopping\springboot_repository\commons-collections\commons-collections\3.2.2\commons-collections-3.2.2.jar;E:\yilifangshopping\springboot_repository\com\netflix\netflix-commons\netflix-commons-util\0.3.0\netflix-commons-util-0.3.0.jar;E:\yilifangshopping\springboot_repository\com\netflix\ribbon\ribbon-loadbalancer\2.3.0\ribbon-loadbalancer-2.3.0.jar;E:\yilifangshopping\springboot_repository\com\netflix\netflix-commons\netflix-statistics\0.1.1\netflix-statistics-0.1.1.jar;E:\yilifangshopping\springboot_repository\io\reactivex\rxjava\1.3.8\rxjava-1.3.8.jar;E:\yilifangshopping\springboot_repository\com\netflix\ribbon\ribbon-eureka\2.3.0\ribbon-eureka-2.3.0.jar;E:\yilifangshopping\springboot_repository\com\thoughtworks\xstream\xstream\1.4.10\xstream-1.4.10.jar;E:\yilifangshopping\springboot_repository\xmlpull\xmlpull\1.1.3.1\xmlpull-1.1.3.1.jar;E:\yilifangshopping\springboot_repository\xpp3\xpp3_min\1.1.4c\xpp3_min-1.1.4c.jar;E:\yilifangshopping\springboot_repository\org\springframework\boot\spring-boot-starter-web\2.1.2.RELEASE\spring-boot-starter-web-2.1.2.RELEASE.jar;E:\yilifangshopping\springboot_repository\org\springframework\boot\spring-boot-starter-json\2.1.2.RELEASE\spring-boot-starter-json-2.1.2.RELEASE.jar;E:\yilifangshopping\springboot_repository\com\fasterxml\jackson\datatype\jackson-datatype-jdk8\2.9.8\jackson-datatype-jdk8-2.9.8.jar;E:\yilifangshopping\springboot_repository\com\fasterxml\jackson\datatype\jackson-datatype-jsr310\2.9.8\jackson-datatype-jsr310-2.9.8.jar;E:\yilifangshopping\springboot_repository\com\fasterxml\jackson\module\jackson-module-parameter-names\2.9.8\jackson-module-parameter-names-2.9.8.jar;E:\yilifangshopping\springboot_repository\org\springframework\boot\spring-boot-starter-tomcat\2.1.2.RELEASE\spring-boot-starter-tomcat-2.1.2.RELEASE.jar;E:\yilifangshopping\springboot_repository\org\apache\tomcat\embed\tomcat-embed-core\9.0.14\tomcat-embed-core-9.0.14.jar;E:\yilifangshopping\springboot_repository\org\apache\tomcat\embed\tomcat-embed-el\9.0.14\tomcat-embed-el-9.0.14.jar;E:\yilifangshopping\springboot_repository\org\apache\tomcat\embed\tomcat-embed-websocket\9.0.14\tomcat-embed-websocket-9.0.14.jar;E:\yilifangshopping\springboot_repository\org\hibernate\validator\hibernate-validator\6.0.14.Final\hibernate-validator-6.0.14.Final.jar;E:\yilifangshopping\springboot_repository\javax\validation\validation-api\2.0.1.Final\validation-api-2.0.1.Final.jar;E:\yilifangshopping\springboot_repository\org\springframework\spring-web\5.1.4.RELEASE\spring-web-5.1.4.RELEASE.jar;E:\yilifangshopping\springboot_repository\org\springframework\spring-webmvc\5.1.4.RELEASE\spring-webmvc-5.1.4.RELEASE.jar;E:\yilifangshopping\springboot_repository\org\springframework\spring-expression\5.1.4.RELEASE\spring-expression-5.1.4.RELEASE.jar;E:\yilifangshopping\springboot_repository\mysql\mysql-connector-java\8.0.13\mysql-connector-java-8.0.13.jar;E:\yilifangshopping\springboot_repository\org\springframework\boot\spring-boot-starter-test\2.1.2.RELEASE\spring-boot-starter-test-2.1.2.RELEASE.jar;E:\yilifangshopping\springboot_repository\org\springframework\boot\spring-boot-test\2.1.2.RELEASE\spring-boot-test-2.1.2.RELEASE.jar;E:\yilifangshopping\springboot_repository\org\springframework\boot\spring-boot-test-autoconfigure\2.1.2.RELEASE\spring-boot-test-autoconfigure-2.1.2.RELEASE.jar;E:\yilifangshopping\springboot_repository\com\jayway\jsonpath\json-path\2.4.0\json-path-2.4.0.jar;E:\yilifangshopping\springboot_repository\net\minidev\json-smart\2.3\json-smart-2.3.jar;E:\yilifangshopping\springboot_repository\net\minidev\accessors-smart\1.2\accessors-smart-1.2.jar;E:\yilifangshopping\springboot_repository\org\ow2\asm\asm\5.0.4\asm-5.0.4.jar;E:\yilifangshopping\springboot_repository\junit\junit\4.12\junit-4.12.jar;E:\yilifangshopping\springboot_repository\org\assertj\assertj-core\3.11.1\assertj-core-3.11.1.jar;E:\yilifangshopping\springboot_repository\org\mockito\mockito-core\2.23.4\mockito-core-2.23.4.jar;E:\yilifangshopping\springboot_repository\net\bytebuddy\byte-buddy-agent\1.9.7\byte-buddy-agent-1.9.7.jar;E:\yilifangshopping\springboot_repository\org\objenesis\objenesis\2.6\objenesis-2.6.jar;E:\yilifangshopping\springboot_repository\org\hamcrest\hamcrest-core\1.3\hamcrest-core-1.3.jar;E:\yilifangshopping\springboot_repository\org\hamcrest\hamcrest-library\1.3\hamcrest-library-1.3.jar;E:\yilifangshopping\springboot_repository\org\skyscreamer\jsonassert\1.5.0\jsonassert-1.5.0.jar;E:\yilifangshopping\springboot_repository\com\vaadin\external\google\android-json\0.0.20131108.vaadin1\android-json-0.0.20131108.vaadin1.jar;E:\yilifangshopping\springboot_repository\org\springframework\spring-core\5.1.4.RELEASE\spring-core-5.1.4.RELEASE.jar;E:\yilifangshopping\springboot_repository\org\springframework\spring-jcl\5.1.4.RELEASE\spring-jcl-5.1.4.RELEASE.jar;E:\yilifangshopping\springboot_repository\org\springframework\spring-test\5.1.4.RELEASE\spring-test-5.1.4.RELEASE.jar;E:\yilifangshopping\springboot_repository\org\xmlunit\xmlunit-core\2.6.2\xmlunit-core-2.6.2.jar;E:\yilifangshopping\springboot_repository\org\projectlombok\lombok\1.18.4\lombok-1.18.4.jar;E:\yilifangshopping\springboot_repository\com\google\code\gson\gson\2.8.5\gson-2.8.5.jar;"/>
    <property name="sun.cpu.endian" value="little"/>
    <property name="user.home" value="C:\Users\jll.li"/>
    <property name="user.language" value="zh"/>
    <property name="java.specification.vendor" value="Oracle Corporation"/>
    <property name="java.home" value="D:\software\jdk\jdk8\jre"/>
    <property name="basedir" value="D:\studyfile\springcloud_pratice\springcloud_orgin\user\server"/>
    <property name="file.separator" value="\"/>
    <property name="line.separator" value="&#10;"/>
    <property name="java.vm.specification.vendor" value="Oracle Corporation"/>
    <property name="java.specification.name" value="Java Platform API Specification"/>
    <property name="java.awt.graphicsenv" value="sun.awt.Win32GraphicsEnvironment"/>
    <property name="surefire.real.class.path" value="C:\Users\jll.li\AppData\Local\Temp\surefire6362367556781971851\surefirebooter3010378347582115220.jar"/>
    <property name="sun.boot.class.path" value="D:\software\jdk\jdk8\jre\lib\resources.jar;D:\software\jdk\jdk8\jre\lib\rt.jar;D:\software\jdk\jdk8\jre\lib\sunrsasign.jar;D:\software\jdk\jdk8\jre\lib\jsse.jar;D:\software\jdk\jdk8\jre\lib\jce.jar;D:\software\jdk\jdk8\jre\lib\charsets.jar;D:\software\jdk\jdk8\jre\lib\jfr.jar;D:\software\jdk\jdk8\jre\classes"/>
    <property name="user.script" value=""/>
    <property name="sun.management.compiler" value="HotSpot 64-Bit Tiered Compilers"/>
    <property name="java.runtime.version" value="1.8.0_171-b11"/>
    <property name="user.name" value="jll.li"/>
    <property name="path.separator" value=";"/>
    <property name="os.version" value="10.0"/>
    <property name="java.endorsed.dirs" value="D:\software\jdk\jdk8\jre\lib\endorsed"/>
    <property name="java.runtime.name" value="Java(TM) SE Runtime Environment"/>
    <property name="file.encoding" value="GBK"/>
    <property name="java.vm.name" value="Java HotSpot(TM) 64-Bit Server VM"/>
    <property name="localRepository" value="E:\yilifangshopping\springboot_repository"/>
    <property name="java.vendor.url.bug" value="http://bugreport.sun.com/bugreport/"/>
    <property name="java.io.tmpdir" value="C:\Users\jll.li\AppData\Local\Temp\"/>
    <property name="idea.version" value="2018.3.3"/>
    <property name="java.version" value="1.8.0_171"/>
    <property name="user.dir" value="D:\studyfile\springcloud_pratice\springcloud_orgin\user\server"/>
    <property name="os.arch" value="amd64"/>
    <property name="java.vm.specification.name" value="Java Virtual Machine Specification"/>
    <property name="java.awt.printerjob" value="sun.awt.windows.WPrinterJob"/>
    <property name="sun.os.patch.level" value=""/>
    <property name="java.library.path" value="D:\software\jdk\jdk8\jre\bin;C:\Windows\Sun\Java\bin;C:\Windows\system32;C:\Windows;C:\Windows\system32;C:\Windows;C:\Windows\System32\Wbem;C:\Windows\System32\WindowsPowerShell\v1.0\;C:\Program Files (x86)\Enterprise Vault\EVClient\x64\;D:\software\jdk\jdk8\bin;D:\software\tortoisek\bin;D:\software\maven\maven3.0\bin;D:\software\jdk\jdk8\jre\bin;D:\software\gradle-4.1\bin;D:\software\git\git\Git\cmd;C:\Users\jll.li\AppData\Local\Microsoft\WindowsApps;;."/>
    <property name="java.vm.info" value="mixed mode"/>
    <property name="java.vendor" value="Oracle Corporation"/>
    <property name="java.vm.version" value="25.171-b11"/>
    <property name="java.ext.dirs" value="D:\software\jdk\jdk8\jre\lib\ext;C:\Windows\Sun\Java\lib\ext"/>
    <property name="sun.io.unicode.encoding" value="UnicodeLittle"/>
    <property name="java.class.version" value="52.0"/>
  </properties>
  <testcase name="shouldAnswerWithTrue" classname="com.imooc.AppTest" time="0.002"/>
</testsuite>